<?xml version="1.0" encoding="UTF-8"?>
<!-- Generated by org.testng.reporters.JUnitReportReporter -->
<testsuite hostname="DESKTOP-4TRRHF0" failures="0" tests="3" name="testNG.DataproviderPractice" time="0.036" errors="0" timestamp="2023-10-19T14:04:28 IST" skipped="0">
  <testcase classname="testNG.DataproviderPractice" name="bookticketTest" time="0.008"/>
  <testcase classname="testNG.DataproviderPractice" name="bookticketTest" time="0.008"/>
  <testcase classname="testNG.DataproviderPractice" name="bookticketTest" time="0.020"/>
</testsuite> <!-- testNG.DataproviderPractice -->
