<?xml version="1.0" encoding="UTF-8"?>
<!-- Generated by org.testng.reporters.JUnitReportReporter -->
<testsuite hostname="DESKTOP-4TRRHF0" failures="0" tests="1" name="listener.Testclass2$Testclass1" time="0.005" errors="0" timestamp="2023-10-18T14:32:18 IST" skipped="0">
  <testcase classname="listener.Testclass2$Testclass1" name="demo" time="0.005"/>
</testsuite> <!-- listener.Testclass2$Testclass1 -->
