<?xml version="1.0" encoding="UTF-8"?>
<!-- Generated by org.testng.reporters.JUnitReportReporter -->
<testsuite hostname="DESKTOP-4TRRHF0" failures="0" tests="2" name="distributedparallel.Testclass2" time="0.030" errors="0" timestamp="2023-10-14T14:46:36 IST" skipped="0">
  <testcase classname="distributedparallel.Testclass2" name="demo1" time="0.015"/>
  <testcase classname="distributedparallel.Testclass2" name="demo2" time="0.015"/>
</testsuite> <!-- distributedparallel.Testclass2 -->
