<?xml version="1.0" encoding="UTF-8"?>
<!-- Generated by org.testng.reporters.JUnitReportReporter -->
<testsuite hostname="DESKTOP-4TRRHF0" failures="0" tests="1" name="groupexecution.Testclass4" time="0.009" errors="0" timestamp="2023-10-14T14:01:40 IST" skipped="0">
  <testcase classname="groupexecution.Testclass4" name="demo2" time="0.009"/>
</testsuite> <!-- groupexecution.Testclass4 -->
