<?xml version="1.0" encoding="UTF-8"?>
<!-- Generated by org.testng.reporters.JUnitReportReporter -->
<testsuite hostname="DESKTOP-4TRRHF0" failures="0" tests="2" name="distributedparallel.Testclass4" time="0.015" errors="0" timestamp="2023-10-14T14:46:36 IST" skipped="0">
  <testcase classname="distributedparallel.Testclass4" name="demo1" time="0.007"/>
  <testcase classname="distributedparallel.Testclass4" name="demo2" time="0.008"/>
</testsuite> <!-- distributedparallel.Testclass4 -->
