<?xml version="1.0" encoding="UTF-8"?>
<!-- Generated by org.testng.reporters.JUnitReportReporter -->
<testsuite hostname="DESKTOP-4TRRHF0" failures="0" tests="3" name="groupexecution.Testclass3" time="0.042" errors="0" timestamp="2023-10-14T14:01:40 IST" skipped="0">
  <testcase classname="groupexecution.Testclass3" name="demo3" time="0.008"/>
  <testcase classname="groupexecution.Testclass3" name="demo2" time="0.011"/>
  <testcase classname="groupexecution.Testclass3" name="demo1" time="0.023"/>
</testsuite> <!-- groupexecution.Testclass3 -->
