<?xml version="1.0" encoding="UTF-8"?>
<!-- Generated by org.testng.reporters.JUnitReportReporter -->
<testsuite hostname="DESKTOP-4TRRHF0" failures="0" tests="1" name="batchexecution.Testclass1" time="0.007" errors="0" timestamp="2023-10-18T13:50:18 IST" skipped="0">
  <testcase classname="batchexecution.Testclass1" name="demo1" time="0.007"/>
</testsuite> <!-- batchexecution.Testclass1 -->
