<?xml version="1.0" encoding="UTF-8"?>
<!-- Generated by org.testng.reporters.JUnitReportReporter -->
<testsuite hostname="DESKTOP-4TRRHF0" failures="0" tests="1" name="assertions.WhyNotIfElse" time="0.028" errors="0" timestamp="2023-10-17T13:33:36 IST" skipped="0">
  <testcase classname="assertions.WhyNotIfElse" name="demo" time="0.028"/>
</testsuite> <!-- assertions.WhyNotIfElse -->
