<?xml version="1.0" encoding="UTF-8"?>
<!-- Generated by org.testng.reporters.JUnitReportReporter -->
<testsuite hostname="DESKTOP-4TRRHF0" failures="0" tests="4" name="testNG.InvocationCount" time="0.079" errors="0" timestamp="2023-10-13T13:25:27 IST" skipped="0">
  <testcase classname="testNG.InvocationCount" name="demo4" time="0.021"/>
  <testcase classname="testNG.InvocationCount" name="demo1" time="0.028"/>
  <testcase classname="testNG.InvocationCount" name="demo2" time="0.015"/>
  <testcase classname="testNG.InvocationCount" name="demo3" time="0.015"/>
</testsuite> <!-- testNG.InvocationCount -->
