<?xml version="1.0" encoding="UTF-8"?>
<!-- Generated by org.testng.reporters.JUnitReportReporter -->
<testsuite hostname="DESKTOP-4TRRHF0" failures="0" tests="1" name="testNG.TestClass" time="0.024" errors="0" timestamp="2023-10-13T14:37:11 IST" skipped="0">
  <testcase classname="testNG.TestClass" name="test1" time="0.024"/>
</testsuite> <!-- testNG.TestClass -->
